Log file open, 08/30/19 12:54:32
LogWindows: Failed to load 'aqProf.dll' (GetLastError=126)
LogWindows: File 'aqProf.dll' does not exist
LogWindows: Failed to load 'VtuneApi.dll' (GetLastError=126)
LogWindows: File 'VtuneApi.dll' does not exist
LogWindows: Failed to load 'VtuneApi32e.dll' (GetLastError=126)
LogWindows: File 'VtuneApi32e.dll' does not exist
LogConsoleResponse: Display: Failed to find resolution value strings in scalability ini. Falling back to default.
LogInit: Display: Running engine for game: ACTGame
LogPakFile: Registered encryption key '00000000000000000000000000000000': 0 pak files mounted, 0 remain pending
LogPlatformFile: Not using cached read wrapper
LogTaskGraph: Started task graph with 5 named threads and 14 total threads with 3 sets of task threads.
LogStats: Stats thread started at 0.193458
LogD3D11RHI: Loaded GFSDK_Aftermath_Lib.x64.dll
LogICUInternationalization: ICU TimeZone Detection - Raw Offset: +8:00, Platform Override: ''
LogPluginManager: Mounting plugin Paper2D
LogPluginManager: Mounting plugin AISupport
LogPluginManager: Mounting plugin LightPropagationVolume
LogPluginManager: Mounting plugin ActorLayerUtilities
LogPluginManager: Mounting plugin AnimationSharing
LogPluginManager: Mounting plugin CLionSourceCodeAccess
LogPluginManager: Mounting plugin CodeLiteSourceCodeAccess
LogPluginManager: Mounting plugin GitSourceControl
LogPluginManager: Mounting plugin KDevelopSourceCodeAccess
LogPluginManager: Mounting plugin NullSourceCodeAccess
LogPluginManager: Mounting plugin PerforceSourceControl
LogPluginManager: Mounting plugin SubversionSourceControl
LogPluginManager: Mounting plugin UObjectPlugin
LogPluginManager: Mounting plugin VisualStudioCodeSourceCodeAccess
LogPluginManager: Mounting plugin VisualStudioSourceCodeAccess
LogPluginManager: Mounting plugin XCodeSourceCodeAccess
LogPluginManager: Mounting plugin AssetManagerEditor
LogPluginManager: Mounting plugin CryptoKeys
LogPluginManager: Mounting plugin DataValidation
LogPluginManager: Mounting plugin FacialAnimation
LogPluginManager: Mounting plugin GameplayTagsEditor
LogPluginManager: Mounting plugin MacGraphicsSwitching
LogPluginManager: Mounting plugin MaterialAnalyzer
LogPluginManager: Mounting plugin MobileLauncherProfileWizard
LogPluginManager: Mounting plugin PluginBrowser
LogPluginManager: Mounting plugin SpeedTreeImporter
LogPluginManager: Mounting plugin DatasmithContent
LogPluginManager: Mounting plugin VariantManagerContent
LogPluginManager: Mounting plugin AlembicImporter
LogPluginManager: Mounting plugin AppleImageUtils
LogPluginManager: Mounting plugin AppleVision
LogPluginManager: Mounting plugin BackChannel
LogPluginManager: Mounting plugin CharacterAI
LogPluginManager: Mounting plugin GeometryCache
LogPluginManager: Mounting plugin HTML5Networking
LogPluginManager: Mounting plugin ProxyLODPlugin
LogPluginManager: Mounting plugin SkeletalReduction
LogPluginManager: Mounting plugin MagicLeap
LogPluginManager: Mounting plugin MagicLeapMedia
LogPluginManager: Mounting plugin AndroidMedia
LogPluginManager: Mounting plugin AvfMedia
LogPluginManager: Mounting plugin ImgMedia
LogPluginManager: Mounting plugin LinearTimecode
LogPluginManager: Mounting plugin MediaCompositing
LogPluginManager: Mounting plugin MediaPlayerEditor
LogPluginManager: Mounting plugin WebMMedia
LogPluginManager: Mounting plugin WmfMedia
LogPluginManager: Mounting plugin TcpMessaging
LogPluginManager: Mounting plugin UdpMessaging
LogPluginManager: Mounting plugin ActorSequence
LogPluginManager: Mounting plugin LevelSequenceEditor
LogPluginManager: Mounting plugin MatineeToLevelSequence
LogPluginManager: Mounting plugin NetcodeUnitTest
LogPluginManager: Mounting plugin NUTUnrealEngine4
LogPluginManager: Mounting plugin OnlineSubsystemGooglePlay
LogPluginManager: Mounting plugin OnlineSubsystemIOS
LogPluginManager: Mounting plugin OnlineSubsystem
LogPluginManager: Mounting plugin OnlineSubsystemNull
LogPluginManager: Mounting plugin OnlineSubsystemUtils
LogPluginManager: Mounting plugin LauncherChunkInstaller
LogPluginManager: Mounting plugin AndroidDeviceProfileSelector
LogPluginManager: Mounting plugin AndroidMoviePlayer
LogPluginManager: Mounting plugin AndroidPermission
LogPluginManager: Mounting plugin AppleMoviePlayer
LogPluginManager: Mounting plugin ArchVisCharacter
LogPluginManager: Mounting plugin AudioCapture
LogPluginManager: Mounting plugin CableComponent
LogPluginManager: Mounting plugin CustomMeshComponent
LogPluginManager: Mounting plugin EditableMesh
LogPluginManager: Mounting plugin ExampleDeviceProfileSelector
LogPluginManager: Mounting plugin Firebase
LogPluginManager: Mounting plugin GoogleCloudMessaging
LogPluginManager: Mounting plugin IOSDeviceProfileSelector
LogPluginManager: Mounting plugin LinuxDeviceProfileSelector
LogPluginManager: Mounting plugin LocationServicesBPLibrary
LogPluginManager: Mounting plugin MobilePatchingUtils
LogPluginManager: Mounting plugin OculusVR
LogPluginManager: Mounting plugin PhysXVehicles
LogPluginManager: Mounting plugin ProceduralMeshComponent
LogPluginManager: Mounting plugin RuntimePhysXCooking
LogPluginManager: Mounting plugin SignificanceManager
LogPluginManager: Mounting plugin SteamVR
LogPluginManager: Mounting plugin WebMMoviePlayer
LogPluginManager: Mounting plugin WindowsMoviePlayer
LogInit: Using libcurl 7.55.1-DEV
LogInit:  - built for x86_64-pc-win32
LogInit:  - supports SSL with OpenSSL/1.1.1
LogInit:  - supports HTTP deflate (compression) using libz 1.2.8
LogInit:  - other features:
LogInit:      CURL_VERSION_SSL
LogInit:      CURL_VERSION_LIBZ
LogInit:      CURL_VERSION_IPV6
LogInit:      CURL_VERSION_ASYNCHDNS
LogInit:      CURL_VERSION_LARGEFILE
LogInit:      CURL_VERSION_IDN
LogInit:  CurlRequestOptions (configurable via config and command line):
LogInit:  - bVerifyPeer = true  - Libcurl will verify peer certificate
LogInit:  - bUseHttpProxy = false  - Libcurl will NOT use HTTP proxy
LogInit:  - bDontReuseConnections = false  - Libcurl will reuse connections
LogInit:  - MaxHostConnections = 16  - Libcurl will limit the number of connections to a host
LogInit:  - LocalHostAddr = Default
LogInit:  - BufferSize = 65536
LogInit: WinSock: version 1.1 (2.2), MaxSocks=32767, MaxUdp=65467
LogInit: Build: ++UE4+Release-4.22-CL-7053642
LogInit: Engine Version: 4.22.3-7053642+++UE4+Release-4.22
LogInit: Compatible Engine Version: 4.22.0-5660361+++UE4+Release-4.22
LogInit: Net CL: 5660361
LogInit: OS: Windows 10 (Release 1903) (), CPU: Intel(R) Core(TM) i5-7500 CPU @ 3.40GHz, GPU: NVIDIA GeForce GTX 1660
LogInit: Compiled (64-bit): Jun 18 2019 03:09:11
LogInit: Compiled with Visual C++: 19.16.27025.01
LogInit: Build Configuration: Development
LogInit: Branch Name: ++UE4+Release-4.22
LogInit: Command Line:  -EpicPortal -epicusername=LittleTrain0321 -epicuserid=2d49d6f32d7b494fb6d05dbcfa35a539 -epiclocale=zh-CN
LogInit: Base Directory: D:/Program/UnreadEngine/UE_4.22/Engine/Binaries/Win64/
LogInit: Installed Engine Build: 1
LogDevObjectVersion: Number of dev versions registered: 23
LogDevObjectVersion:   Dev-Blueprints (B0D832E4-1F89-4F0D-ACCF-7EB736FD4AA2): 10
LogDevObjectVersion:   Dev-Build (E1C64328-A22C-4D53-A36C-8E866417BD8C): 0
LogDevObjectVersion:   Dev-Core (375EC13C-06E4-48FB-B500-84F0262A717E): 3
LogDevObjectVersion:   Dev-Editor (E4B068ED-F494-42E9-A231-DA0B2E46BB41): 30
LogDevObjectVersion:   Dev-Framework (CFFC743F-43B0-4480-9391-14DF171D2073): 35
LogDevObjectVersion:   Dev-Mobile (B02B49B5-BB20-44E9-A304-32B752E40360): 2
LogDevObjectVersion:   Dev-Networking (A4E4105C-59A1-49B5-A7C5-40C4547EDFEE): 0
LogDevObjectVersion:   Dev-Online (39C831C9-5AE6-47DC-9A44-9C173E1C8E7C): 0
LogDevObjectVersion:   Dev-Physics (78F01B33-EBEA-4F98-B9B4-84EACCB95AA2): 0
LogDevObjectVersion:   Dev-Platform (6631380F-2D4D-43E0-8009-CF276956A95A): 0
LogDevObjectVersion:   Dev-Rendering (12F88B9F-8875-4AFC-A67C-D90C383ABD29): 28
LogDevObjectVersion:   Dev-Sequencer (7B5AE74C-D270-4C10-A958-57980B212A5A): 11
LogDevObjectVersion:   Dev-VR (D7296918-1DD6-4BDD-9DE2-64A83CC13884): 2
LogDevObjectVersion:   Dev-LoadTimes (C2A15278-BFE7-4AFE-6C17-90FF531DF755): 1
LogDevObjectVersion:   Private-Geometry (6EACA3D4-40EC-4CC1-B786-8BED09428FC5): 3
LogDevObjectVersion:   Dev-AnimPhys (29E575DD-E0A3-4627-9D10-D276232CDCEA): 17
LogDevObjectVersion:   Dev-Anim (AF43A65D-7FD3-4947-9873-3E8ED9C1BB05): 2
LogDevObjectVersion:   Dev-ReflectionCapture (6B266CEC-1EC7-4B8F-A30B-E4D90942FC07): 1
LogDevObjectVersion:   Dev-Automation (0DF73D61-A23F-47EA-B727-89E90C41499A): 1
LogDevObjectVersion:   FortniteMain (601D1886-AC64-4F84-AA16-D3DE0DEAC7D6): 25
LogDevObjectVersion:   Dev-Enterprise (9DFFBCD6-494F-0158-E221-12823C92A888): 6
LogDevObjectVersion:   Dev-Niagara (F2AED0AC-9AFE-416F-8664-AA7FFA26D6FC): 1
LogDevObjectVersion:   Dev-Destruction (174F1F0B-B4C6-45A5-B13F-2EE8D0FB917D): 2
LogInit: Presizing for max 16777216 objects, including 0 objects not considered by GC, pre-allocating 0 bytes for permanent pool.
LogInit: Object subsystem initialized
LogConfig: Setting CVar [[con.DebugEarlyDefault:1]]
LogConfig: Setting CVar [[r.setres:1280x720]]
[2019.08.30-04.54.33:569][  0]LogConfig: Setting CVar [[r.VSync:0]]
[2019.08.30-04.54.33:569][  0]LogConfig: Setting CVar [[r.RHICmdBypass:0]]
[2019.08.30-04.54.33:569][  0]LogConfig: Applying CVar settings from Section [/Script/Engine.RendererSettings] File [G:/UE4Program/ACTGame/Saved/Config/Windows/Engine.ini]
[2019.08.30-04.54.33:569][  0]LogConfig: Setting CVar [[r.GPUCrashDebugging:0]]
[2019.08.30-04.54.33:569][  0]LogConfig: Applying CVar settings from Section [/Script/Engine.RendererOverrideSettings] File [G:/UE4Program/ACTGame/Saved/Config/Windows/Engine.ini]
[2019.08.30-04.54.33:570][  0]LogConfig: Applying CVar settings from Section [/Script/Engine.StreamingSettings] File [G:/UE4Program/ACTGame/Saved/Config/Windows/Engine.ini]
[2019.08.30-04.54.33:570][  0]LogConfig: Setting CVar [[s.MinBulkDataSizeForAsyncLoading:131072]]
[2019.08.30-04.54.33:570][  0]LogConfig: Setting CVar [[s.AsyncLoadingThreadEnabled:0]]
[2019.08.30-04.54.33:570][  0]LogConfig: Setting CVar [[s.EventDrivenLoaderEnabled:1]]
[2019.08.30-04.54.33:570][  0]LogConfig: Setting CVar [[s.WarnIfTimeLimitExceeded:0]]
[2019.08.30-04.54.33:570][  0]LogConfig: Setting CVar [[s.TimeLimitExceededMultiplier:1.5]]
[2019.08.30-04.54.33:570][  0]LogConfig: Setting CVar [[s.TimeLimitExceededMinTime:0.005]]
[2019.08.30-04.54.33:570][  0]LogConfig: Setting CVar [[s.UseBackgroundLevelStreaming:1]]
[2019.08.30-04.54.33:570][  0]LogConfig: Setting CVar [[s.PriorityAsyncLoadingExtraTime:15.0]]
[2019.08.30-04.54.33:570][  0]LogConfig: Setting CVar [[s.LevelStreamingActorsUpdateTimeLimit:5.0]]
[2019.08.30-04.54.33:570][  0]LogConfig: Setting CVar [[s.PriorityLevelStreamingActorsUpdateExtraTime:5.0]]
[2019.08.30-04.54.33:570][  0]LogConfig: Setting CVar [[s.LevelStreamingComponentsRegistrationGranularity:10]]
[2019.08.30-04.54.33:570][  0]LogConfig: Setting CVar [[s.UnregisterComponentsTimeLimit:1.0]]
[2019.08.30-04.54.33:570][  0]LogConfig: Setting CVar [[s.LevelStreamingComponentsUnregistrationGranularity:5]]
[2019.08.30-04.54.33:570][  0]LogConfig: Applying CVar settings from Section [/Script/Engine.GarbageCollectionSettings] File [G:/UE4Program/ACTGame/Saved/Config/Windows/Engine.ini]
[2019.08.30-04.54.33:570][  0]LogConfig: Setting CVar [[gc.MaxObjectsNotConsideredByGC:1]]
[2019.08.30-04.54.33:570][  0]LogConfig: Setting CVar [[gc.SizeOfPermanentObjectPool:0]]
[2019.08.30-04.54.33:570][  0]LogConfig: Setting CVar [[gc.FlushStreamingOnGC:0]]
[2019.08.30-04.54.33:570][  0]LogConfig: Setting CVar [[gc.NumRetriesBeforeForcingGC:10]]
[2019.08.30-04.54.33:570][  0]LogConfig: Setting CVar [[gc.AllowParallelGC:1]]
[2019.08.30-04.54.33:570][  0]LogConfig: Setting CVar [[gc.TimeBetweenPurgingPendingKillObjects:61.1]]
[2019.08.30-04.54.33:570][  0]LogConfig: Setting CVar [[gc.MaxObjectsInEditor:16777216]]
[2019.08.30-04.54.33:570][  0]LogConfig: Setting CVar [[gc.IncrementalBeginDestroyEnabled:1]]
[2019.08.30-04.54.33:570][  0]LogConfig: Setting CVar [[gc.CreateGCClusters:1]]
[2019.08.30-04.54.33:570][  0]LogConfig: Setting CVar [[gc.MinGCClusterSize:5]]
[2019.08.30-04.54.33:570][  0]LogConfig: Setting CVar [[gc.ActorClusteringEnabled:0]]
[2019.08.30-04.54.33:570][  0]LogConfig: Setting CVar [[gc.BlueprintClusteringEnabled:0]]
[2019.08.30-04.54.33:570][  0]LogConfig: Setting CVar [[gc.UseDisregardForGCOnDedicatedServers:0]]
[2019.08.30-04.54.33:570][  0]LogConfig: Applying CVar settings from Section [/Script/Engine.NetworkSettings] File [G:/UE4Program/ACTGame/Saved/Config/Windows/Engine.ini]
[2019.08.30-04.54.33:570][  0]LogConfig: Applying CVar settings from Section [/Script/UnrealEd.CookerSettings] File [G:/UE4Program/ACTGame/Saved/Config/Windows/Engine.ini]
[2019.08.30-04.54.33:575][  0]LogConfig: Applying CVar settings from Section [ViewDistanceQuality@3] File [G:/UE4Program/ACTGame/Saved/Config/Windows/Scalability.ini]
[2019.08.30-04.54.33:575][  0]LogConfig: Setting CVar [[r.SkeletalMeshLODBias:0]]
[2019.08.30-04.54.33:575][  0]LogConfig: Setting CVar [[r.ViewDistanceScale:1.0]]
[2019.08.30-04.54.33:575][  0]LogConfig: Applying CVar settings from Section [AntiAliasingQuality@3] File [G:/UE4Program/ACTGame/Saved/Config/Windows/Scalability.ini]
[2019.08.30-04.54.33:575][  0]LogConfig: Setting CVar [[r.PostProcessAAQuality:4]]
[2019.08.30-04.54.33:575][  0]LogConfig: Applying CVar settings from Section [ShadowQuality@3] File [G:/UE4Program/ACTGame/Saved/Config/Windows/Scalability.ini]
[2019.08.30-04.54.33:575][  0]LogConfig: Setting CVar [[r.LightFunctionQuality:1]]
[2019.08.30-04.54.33:575][  0]LogConfig: Setting CVar [[r.ShadowQuality:5]]
[2019.08.30-04.54.33:575][  0]LogConfig: Setting CVar [[r.Shadow.CSM.MaxCascades:10]]
[2019.08.30-04.54.33:575][  0]LogConfig: Setting CVar [[r.Shadow.MaxResolution:2048]]
[2019.08.30-04.54.33:575][  0]LogConfig: Setting CVar [[r.Shadow.MaxCSMResolution:2048]]
[2019.08.30-04.54.33:575][  0]LogConfig: Setting CVar [[r.Shadow.RadiusThreshold:0.01]]
[2019.08.30-04.54.33:575][  0]LogConfig: Setting CVar [[r.Shadow.DistanceScale:1.0]]
[2019.08.30-04.54.33:575][  0]LogConfig: Setting CVar [[r.Shadow.CSM.TransitionScale:1.0]]
[2019.08.30-04.54.33:575][  0]LogConfig: Setting CVar [[r.Shadow.PreShadowResolutionFactor:1.0]]
[2019.08.30-04.54.33:575][  0]LogConfig: Setting CVar [[r.DistanceFieldShadowing:1]]
[2019.08.30-04.54.33:575][  0]LogConfig: Setting CVar [[r.DistanceFieldAO:1]]
[2019.08.30-04.54.33:575][  0]LogConfig: Setting CVar [[r.AOQuality:2]]
[2019.08.30-04.54.33:575][  0]LogConfig: Setting CVar [[r.VolumetricFog:1]]
[2019.08.30-04.54.33:575][  0]LogConfig: Setting CVar [[r.VolumetricFog.GridPixelSize:8]]
[2019.08.30-04.54.33:575][  0]LogConfig: Setting CVar [[r.VolumetricFog.GridSizeZ:128]]
[2019.08.30-04.54.33:575][  0]LogConfig: Setting CVar [[r.VolumetricFog.HistoryMissSupersampleCount:4]]
[2019.08.30-04.54.33:575][  0]LogConfig: Setting CVar [[r.LightMaxDrawDistanceScale:1]]
[2019.08.30-04.54.33:575][  0]LogConfig: Setting CVar [[r.CapsuleShadows:1]]
[2019.08.30-04.54.33:575][  0]LogConfig: Applying CVar settings from Section [PostProcessQuality@3] File [G:/UE4Program/ACTGame/Saved/Config/Windows/Scalability.ini]
[2019.08.30-04.54.33:575][  0]LogConfig: Setting CVar [[r.MotionBlurQuality:4]]
[2019.08.30-04.54.33:575][  0]LogConfig: Setting CVar [[r.AmbientOcclusionMipLevelFactor:0.4]]
[2019.08.30-04.54.33:575][  0]LogConfig: Setting CVar [[r.AmbientOcclusionMaxQuality:100]]
[2019.08.30-04.54.33:575][  0]LogConfig: Setting CVar [[r.AmbientOcclusionLevels:-1]]
[2019.08.30-04.54.33:575][  0]LogConfig: Setting CVar [[r.AmbientOcclusionRadiusScale:1.0]]
[2019.08.30-04.54.33:575][  0]LogConfig: Setting CVar [[r.DepthOfFieldQuality:2]]
[2019.08.30-04.54.33:575][  0]LogConfig: Setting CVar [[r.RenderTargetPoolMin:400]]
[2019.08.30-04.54.33:575][  0]LogConfig: Setting CVar [[r.LensFlareQuality:2]]
[2019.08.30-04.54.33:575][  0]LogConfig: Setting CVar [[r.SceneColorFringeQuality:1]]
[2019.08.30-04.54.33:575][  0]LogConfig: Setting CVar [[r.EyeAdaptationQuality:2]]
[2019.08.30-04.54.33:575][  0]LogConfig: Setting CVar [[r.BloomQuality:5]]
[2019.08.30-04.54.33:576][  0]LogConfig: Setting CVar [[r.FastBlurThreshold:100]]
[2019.08.30-04.54.33:576][  0]LogConfig: Setting CVar [[r.Upscale.Quality:3]]
[2019.08.30-04.54.33:576][  0]LogConfig: Setting CVar [[r.Tonemapper.GrainQuantization:1]]
[2019.08.30-04.54.33:576][  0]LogConfig: Setting CVar [[r.LightShaftQuality:1]]
[2019.08.30-04.54.33:576][  0]LogConfig: Setting CVar [[r.Filter.SizeScale:1]]
[2019.08.30-04.54.33:576][  0]LogConfig: Setting CVar [[r.Tonemapper.Quality:5]]
[2019.08.30-04.54.33:576][  0]LogConfig: Setting CVar [[r.DOF.Gather.AccumulatorQuality:1        ; higher gathering accumulator quality]]
[2019.08.30-04.54.33:576][  0]LogConfig: Setting CVar [[r.DOF.Gather.PostfilterMethod:1          ; Median3x3 postfilering method]]
[2019.08.30-04.54.33:576][  0]LogConfig: Setting CVar [[r.DOF.Gather.EnableBokehSettings:0       ; no bokeh simulation when gathering]]
[2019.08.30-04.54.33:576][  0]LogConfig: Setting CVar [[r.DOF.Gather.RingCount:4                 ; medium number of samples when gathering]]
[2019.08.30-04.54.33:576][  0]LogConfig: Setting CVar [[r.DOF.Scatter.ForegroundCompositing:1    ; additive foreground scattering]]
[2019.08.30-04.54.33:576][  0]LogConfig: Setting CVar [[r.DOF.Scatter.BackgroundCompositing:2    ; additive background scattering]]
[2019.08.30-04.54.33:576][  0]LogConfig: Setting CVar [[r.DOF.Scatter.EnableBokehSettings:1      ; bokeh simulation when scattering]]
[2019.08.30-04.54.33:576][  0]LogConfig: Setting CVar [[r.DOF.Scatter.MaxSpriteRatio:0.1         ; only a maximum of 10% of scattered bokeh]]
[2019.08.30-04.54.33:576][  0]LogConfig: Setting CVar [[r.DOF.Recombine.Quality:1                ; cheap slight out of focus]]
[2019.08.30-04.54.33:576][  0]LogConfig: Setting CVar [[r.DOF.Recombine.EnableBokehSettings:0    ; no bokeh simulation on slight out of focus]]
[2019.08.30-04.54.33:576][  0]LogConfig: Setting CVar [[r.DOF.TemporalAAQuality:1                ; more stable temporal accumulation]]
[2019.08.30-04.54.33:576][  0]LogConfig: Setting CVar [[r.DOF.Kernel.MaxForegroundRadius:0.025]]
[2019.08.30-04.54.33:576][  0]LogConfig: Setting CVar [[r.DOF.Kernel.MaxBackgroundRadius:0.025]]
[2019.08.30-04.54.33:576][  0]LogConfig: Applying CVar settings from Section [TextureQuality@3] File [G:/UE4Program/ACTGame/Saved/Config/Windows/Scalability.ini]
[2019.08.30-04.54.33:576][  0]LogConfig: Setting CVar [[r.Streaming.MipBias:0]]
[2019.08.30-04.54.33:576][  0]LogConfig: Setting CVar [[r.Streaming.AmortizeCPUToGPUCopy:0]]
[2019.08.30-04.54.33:576][  0]LogConfig: Setting CVar [[r.Streaming.MaxNumTexturesToStreamPerFrame:0]]
[2019.08.30-04.54.33:576][  0]LogConfig: Setting CVar [[r.Streaming.Boost:1]]
[2019.08.30-04.54.33:576][  0]LogConfig: Setting CVar [[r.MaxAnisotropy:8]]
[2019.08.30-04.54.33:576][  0]LogConfig: Setting CVar [[r.Streaming.LimitPoolSizeToVRAM:0]]
[2019.08.30-04.54.33:576][  0]LogConfig: Setting CVar [[r.Streaming.PoolSize:1000]]
[2019.08.30-04.54.33:576][  0]LogConfig: Setting CVar [[r.Streaming.MaxEffectiveScreenSize:0]]
[2019.08.30-04.54.33:576][  0]LogConfig: Applying CVar settings from Section [EffectsQuality@3] File [G:/UE4Program/ACTGame/Saved/Config/Windows/Scalability.ini]
[2019.08.30-04.54.33:576][  0]LogConfig: Setting CVar [[r.TranslucencyLightingVolumeDim:64]]
[2019.08.30-04.54.33:576][  0]LogConfig: Setting CVar [[r.RefractionQuality:2]]
[2019.08.30-04.54.33:576][  0]LogConfig: Setting CVar [[r.SSR.Quality:3]]
[2019.08.30-04.54.33:576][  0]LogConfig: Setting CVar [[r.SceneColorFormat:4]]
[2019.08.30-04.54.33:576][  0]LogConfig: Setting CVar [[r.DetailMode:2]]
[2019.08.30-04.54.33:576][  0]LogConfig: Setting CVar [[r.TranslucencyVolumeBlur:1]]
[2019.08.30-04.54.33:576][  0]LogConfig: Setting CVar [[r.MaterialQualityLevel:1 ; High quality]]
[2019.08.30-04.54.33:576][  0]LogConfig: Setting CVar [[r.SSS.Scale:1]]
[2019.08.30-04.54.33:576][  0]LogConfig: Setting CVar [[r.SSS.SampleSet:2]]
[2019.08.30-04.54.33:576][  0]LogConfig: Setting CVar [[r.SSS.Quality:1]]
[2019.08.30-04.54.33:576][  0]LogConfig: Setting CVar [[r.SSS.HalfRes:1]]
[2019.08.30-04.54.33:576][  0]LogConfig: Setting CVar [[r.EmitterSpawnRateScale:1.0]]
[2019.08.30-04.54.33:576][  0]LogConfig: Setting CVar [[r.ParticleLightQuality:2]]
[2019.08.30-04.54.33:576][  0]LogConfig: Applying CVar settings from Section [FoliageQuality@3] File [G:/UE4Program/ACTGame/Saved/Config/Windows/Scalability.ini]
[2019.08.30-04.54.33:576][  0]LogConfig: Setting CVar [[foliage.DensityScale:1.0]]
[2019.08.30-04.54.33:576][  0]LogConfig: Setting CVar [[grass.DensityScale:1.0]]
[2019.08.30-04.54.33:576][  0]LogInit: Selected Device Profile: [Windows]
[2019.08.30-04.54.33:576][  0]LogInit: Applying CVar settings loaded from the selected device profile: [Windows]
[2019.08.30-04.54.33:722][  0]LogHAL: Display: Platform has ~ 16 GB [17143226368 / 17179869184 / 16], which maps to Larger [LargestMinGB=32, LargerMinGB=12, DefaultMinGB=8, SmallerMinGB=6, SmallestMinGB=0)
[2019.08.30-04.54.33:722][  0]LogConfig: Setting CVar [[r.Vulkan.UseRealUBs:0		; Required until we fix HLR fall-out]]
[2019.08.30-04.54.33:722][  0]LogInit: Going up to parent DeviceProfile []
[2019.08.30-04.54.33:722][  0]LogConfig: Applying CVar settings from Section [ViewDistanceQuality@3] File [G:/UE4Program/ACTGame/Saved/Config/Windows/Scalability.ini]
[2019.08.30-04.54.33:722][  0]LogConfig: Setting CVar [[r.SkeletalMeshLODBias:0]]
[2019.08.30-04.54.33:722][  0]LogConfig: Setting CVar [[r.ViewDistanceScale:1.0]]
[2019.08.30-04.54.33:722][  0]LogConfig: Applying CVar settings from Section [AntiAliasingQuality@3] File [G:/UE4Program/ACTGame/Saved/Config/Windows/Scalability.ini]
[2019.08.30-04.54.33:722][  0]LogConfig: Setting CVar [[r.PostProcessAAQuality:4]]
[2019.08.30-04.54.33:722][  0]LogConfig: Applying CVar settings from Section [ShadowQuality@3] File [G:/UE4Program/ACTGame/Saved/Config/Windows/Scalability.ini]
[2019.08.30-04.54.33:722][  0]LogConfig: Setting CVar [[r.LightFunctionQuality:1]]
[2019.08.30-04.54.33:722][  0]LogConfig: Setting CVar [[r.ShadowQuality:5]]
[2019.08.30-04.54.33:722][  0]LogConfig: Setting CVar [[r.Shadow.CSM.MaxCascades:10]]
[2019.08.30-04.54.33:722][  0]LogConfig: Setting CVar [[r.Shadow.MaxResolution:2048]]
[2019.08.30-04.54.33:722][  0]LogConfig: Setting CVar [[r.Shadow.MaxCSMResolution:2048]]
[2019.08.30-04.54.33:722][  0]LogConfig: Setting CVar [[r.Shadow.RadiusThreshold:0.01]]
[2019.08.30-04.54.33:722][  0]LogConfig: Setting CVar [[r.Shadow.DistanceScale:1.0]]
[2019.08.30-04.54.33:722][  0]LogConfig: Setting CVar [[r.Shadow.CSM.TransitionScale:1.0]]
[2019.08.30-04.54.33:722][  0]LogConfig: Setting CVar [[r.Shadow.PreShadowResolutionFactor:1.0]]
[2019.08.30-04.54.33:722][  0]LogConfig: Setting CVar [[r.DistanceFieldShadowing:1]]
[2019.08.30-04.54.33:722][  0]LogConfig: Setting CVar [[r.DistanceFieldAO:1]]
[2019.08.30-04.54.33:722][  0]LogConfig: Setting CVar [[r.AOQuality:2]]
[2019.08.30-04.54.33:722][  0]LogConfig: Setting CVar [[r.VolumetricFog:1]]
[2019.08.30-04.54.33:722][  0]LogConfig: Setting CVar [[r.VolumetricFog.GridPixelSize:8]]
[2019.08.30-04.54.33:722][  0]LogConfig: Setting CVar [[r.VolumetricFog.GridSizeZ:128]]
[2019.08.30-04.54.33:722][  0]LogConfig: Setting CVar [[r.VolumetricFog.HistoryMissSupersampleCount:4]]
[2019.08.30-04.54.33:722][  0]LogConfig: Setting CVar [[r.LightMaxDrawDistanceScale:1]]
[2019.08.30-04.54.33:722][  0]LogConfig: Setting CVar [[r.CapsuleShadows:1]]
[2019.08.30-04.54.33:722][  0]LogConfig: Applying CVar settings from Section [PostProcessQuality@3] File [G:/UE4Program/ACTGame/Saved/Config/Windows/Scalability.ini]
[2019.08.30-04.54.33:722][  0]LogConfig: Setting CVar [[r.MotionBlurQuality:4]]
[2019.08.30-04.54.33:722][  0]LogConfig: Setting CVar [[r.AmbientOcclusionMipLevelFactor:0.4]]
[2019.08.30-04.54.33:722][  0]LogConfig: Setting CVar [[r.AmbientOcclusionMaxQuality:100]]
[2019.08.30-04.54.33:722][  0]LogConfig: Setting CVar [[r.AmbientOcclusionLevels:-1]]
[2019.08.30-04.54.33:723][  0]LogConfig: Setting CVar [[r.AmbientOcclusionRadiusScale:1.0]]
[2019.08.30-04.54.33:723][  0]LogConfig: Setting CVar [[r.DepthOfFieldQuality:2]]
[2019.08.30-04.54.33:723][  0]LogConfig: Setting CVar [[r.RenderTargetPoolMin:400]]
[2019.08.30-04.54.33:723][  0]LogConfig: Setting CVar [[r.LensFlareQuality:2]]
[2019.08.30-04.54.33:723][  0]LogConfig: Setting CVar [[r.SceneColorFringeQuality:1]]
[2019.08.30-04.54.33:723][  0]LogConfig: Setting CVar [[r.EyeAdaptationQuality:2]]
[2019.08.30-04.54.33:723][  0]LogConfig: Setting CVar [[r.BloomQuality:5]]
[2019.08.30-04.54.33:723][  0]LogConfig: Setting CVar [[r.FastBlurThreshold:100]]
[2019.08.30-04.54.33:723][  0]LogConfig: Setting CVar [[r.Upscale.Quality:3]]
[2019.08.30-04.54.33:723][  0]LogConfig: Setting CVar [[r.Tonemapper.GrainQuantization:1]]
[2019.08.30-04.54.33:723][  0]LogConfig: Setting CVar [[r.LightShaftQuality:1]]
[2019.08.30-04.54.33:723][  0]LogConfig: Setting CVar [[r.Filter.SizeScale:1]]
[2019.08.30-04.54.33:723][  0]LogConfig: Setting CVar [[r.Tonemapper.Quality:5]]
[2019.08.30-04.54.33:723][  0]LogConfig: Setting CVar [[r.DOF.Gather.AccumulatorQuality:1        ; higher gathering accumulator quality]]
[2019.08.30-04.54.33:723][  0]LogConfig: Setting CVar [[r.DOF.Gather.PostfilterMethod:1          ; Median3x3 postfilering method]]
[2019.08.30-04.54.33:723][  0]LogConfig: Setting CVar [[r.DOF.Gather.EnableBokehSettings:0       ; no bokeh simulation when gathering]]
[2019.08.30-04.54.33:723][  0]LogConfig: Setting CVar [[r.DOF.Gather.RingCount:4                 ; medium number of samples when gathering]]
[2019.08.30-04.54.33:723][  0]LogConfig: Setting CVar [[r.DOF.Scatter.ForegroundCompositing:1    ; additive foreground scattering]]
[2019.08.30-04.54.33:723][  0]LogConfig: Setting CVar [[r.DOF.Scatter.BackgroundCompositing:2    ; additive background scattering]]
[2019.08.30-04.54.33:723][  0]LogConfig: Setting CVar [[r.DOF.Scatter.EnableBokehSettings:1      ; bokeh simulation when scattering]]
[2019.08.30-04.54.33:723][  0]LogConfig: Setting CVar [[r.DOF.Scatter.MaxSpriteRatio:0.1         ; only a maximum of 10% of scattered bokeh]]
[2019.08.30-04.54.33:723][  0]LogConfig: Setting CVar [[r.DOF.Recombine.Quality:1                ; cheap slight out of focus]]
[2019.08.30-04.54.33:723][  0]LogConfig: Setting CVar [[r.DOF.Recombine.EnableBokehSettings:0    ; no bokeh simulation on slight out of focus]]
[2019.08.30-04.54.33:723][  0]LogConfig: Setting CVar [[r.DOF.TemporalAAQuality:1                ; more stable temporal accumulation]]
[2019.08.30-04.54.33:723][  0]LogConfig: Setting CVar [[r.DOF.Kernel.MaxForegroundRadius:0.025]]
[2019.08.30-04.54.33:723][  0]LogConfig: Setting CVar [[r.DOF.Kernel.MaxBackgroundRadius:0.025]]
[2019.08.30-04.54.33:723][  0]LogConfig: Applying CVar settings from Section [TextureQuality@3] File [G:/UE4Program/ACTGame/Saved/Config/Windows/Scalability.ini]
[2019.08.30-04.54.33:723][  0]LogConfig: Setting CVar [[r.Streaming.MipBias:0]]
[2019.08.30-04.54.33:723][  0]LogConfig: Setting CVar [[r.Streaming.AmortizeCPUToGPUCopy:0]]
[2019.08.30-04.54.33:723][  0]LogConfig: Setting CVar [[r.Streaming.MaxNumTexturesToStreamPerFrame:0]]
[2019.08.30-04.54.33:723][  0]LogConfig: Setting CVar [[r.Streaming.Boost:1]]
[2019.08.30-04.54.33:723][  0]LogConfig: Setting CVar [[r.MaxAnisotropy:8]]
[2019.08.30-04.54.33:723][  0]LogConfig: Setting CVar [[r.Streaming.LimitPoolSizeToVRAM:0]]
[2019.08.30-04.54.33:723][  0]LogConfig: Setting CVar [[r.Streaming.PoolSize:1000]]
[2019.08.30-04.54.33:723][  0]LogConfig: Setting CVar [[r.Streaming.MaxEffectiveScreenSize:0]]
[2019.08.30-04.54.33:723][  0]LogConfig: Applying CVar settings from Section [EffectsQuality@3] File [G:/UE4Program/ACTGame/Saved/Config/Windows/Scalability.ini]
[2019.08.30-04.54.33:723][  0]LogConfig: Setting CVar [[r.TranslucencyLightingVolumeDim:64]]
[2019.08.30-04.54.33:723][  0]LogConfig: Setting CVar [[r.RefractionQuality:2]]
[2019.08.30-04.54.33:723][  0]LogConfig: Setting CVar [[r.SSR.Quality:3]]
[2019.08.30-04.54.33:723][  0]LogConfig: Setting CVar [[r.SceneColorFormat:4]]
[2019.08.30-04.54.33:723][  0]LogConfig: Setting CVar [[r.DetailMode:2]]
[2019.08.30-04.54.33:723][  0]LogConfig: Setting CVar [[r.TranslucencyVolumeBlur:1]]
[2019.08.30-04.54.33:723][  0]LogConfig: Setting CVar [[r.MaterialQualityLevel:1 ; High quality]]
[2019.08.30-04.54.33:723][  0]LogConfig: Setting CVar [[r.SSS.Scale:1]]
[2019.08.30-04.54.33:723][  0]LogConfig: Setting CVar [[r.SSS.SampleSet:2]]
[2019.08.30-04.54.33:723][  0]LogConfig: Setting CVar [[r.SSS.Quality:1]]
[2019.08.30-04.54.33:723][  0]LogConfig: Setting CVar [[r.SSS.HalfRes:1]]
[2019.08.30-04.54.33:723][  0]LogConfig: Setting CVar [[r.EmitterSpawnRateScale:1.0]]
[2019.08.30-04.54.33:723][  0]LogConfig: Setting CVar [[r.ParticleLightQuality:2]]
[2019.08.30-04.54.33:723][  0]LogConfig: Applying CVar settings from Section [FoliageQuality@3] File [G:/UE4Program/ACTGame/Saved/Config/Windows/Scalability.ini]
[2019.08.30-04.54.33:723][  0]LogConfig: Setting CVar [[foliage.DensityScale:1.0]]
[2019.08.30-04.54.33:723][  0]LogConfig: Setting CVar [[grass.DensityScale:1.0]]
[2019.08.30-04.54.33:723][  0]LogConfig: Applying CVar settings from Section [Startup] File [../../../Engine/Config/ConsoleVariables.ini]
[2019.08.30-04.54.33:723][  0]LogConfig: Setting CVar [[net.UseAdaptiveNetUpdateFrequency:0]]
[2019.08.30-04.54.33:723][  0]LogConfig: Setting CVar [[p.chaos.AllowCreatePhysxBodies:1]]
[2019.08.30-04.54.33:723][  0]LogConfig: Applying CVar settings from Section [ConsoleVariables] File [G:/UE4Program/ACTGame/Saved/Config/Windows/Engine.ini]
[2019.08.30-04.54.33:723][  0]LogInit: Computer: DESKTOP-87NHN9A
[2019.08.30-04.54.33:724][  0]LogInit: User: PC
[2019.08.30-04.54.33:724][  0]LogInit: CPU Page size=4096, Cores=4
[2019.08.30-04.54.33:724][  0]LogInit: High frequency timer resolution =10.000000 MHz
[2019.08.30-04.54.33:724][  0]LogMemory: Memory total: Physical=16.0GB (16GB approx)
[2019.08.30-04.54.33:724][  0]LogMemory: Platform Memory Stats for Windows
[2019.08.30-04.54.33:724][  0]LogMemory: Process Physical Memory: 100.16 MB used, 100.16 MB peak
[2019.08.30-04.54.33:724][  0]LogMemory: Process Virtual Memory: 83.94 MB used, 83.94 MB peak
[2019.08.30-04.54.33:724][  0]LogMemory: Physical Memory: 8174.32 MB used,  8174.74 MB free, 16349.05 MB total
[2019.08.30-04.54.33:724][  0]LogMemory: Virtual Memory: 4625.58 MB used,  134213104.00 MB free, 134217728.00 MB total
[2019.08.30-04.54.33:744][  0]LogInit: Overriding language with editor language configuration option (en).
[2019.08.30-04.54.33:744][  0]LogInit: Overriding locale with editor locale configuration option (en).
[2019.08.30-04.54.33:906][  0]LogInit: Setting process to per monitor DPI aware
[2019.08.30-04.54.33:967][  0]LogSlate: New Slate User Created.  User Index 0, Is Virtual User: 0
[2019.08.30-04.54.33:967][  0]LogSlate: Slate User Registered.  User Index 0, Is Virtual User: 0
[2019.08.30-04.54.34:107][  0]LogHMD: Failed to initialize OpenVR with code 110
[2019.08.30-04.54.34:107][  0]LogD3D11RHI: D3D11 adapters:
[2019.08.30-04.54.34:194][  0]LogD3D11RHI:    0. 'NVIDIA GeForce GTX 1660' (Feature Level 11_0)
[2019.08.30-04.54.34:194][  0]LogD3D11RHI:       5991/0/8174 MB DedicatedVideo/DedicatedSystem/SharedSystem, Outputs:2, VendorId:0x10de
[2019.08.30-04.54.34:196][  0]LogD3D11RHI:    1. 'Microsoft Basic Render Driver' (Feature Level 11_0)
[2019.08.30-04.54.34:196][  0]LogD3D11RHI:       0/0/8174 MB DedicatedVideo/DedicatedSystem/SharedSystem, Outputs:0, VendorId:0x1414
[2019.08.30-04.54.34:196][  0]LogD3D11RHI: Chosen D3D11 Adapter: 0
[2019.08.30-04.54.34:206][  0]LogD3D11RHI: Creating new Direct3DDevice
[2019.08.30-04.54.34:206][  0]LogD3D11RHI:     GPU DeviceId: 0x2184 (for the marketing name, search the web for "GPU Device Id")
[2019.08.30-04.54.34:206][  0]LogWindows: EnumDisplayDevices:
[2019.08.30-04.54.34:206][  0]LogWindows:    0. 'NVIDIA GeForce GTX 1660' (P:0 D:1)
[2019.08.30-04.54.34:207][  0]LogWindows:    1. 'NVIDIA GeForce GTX 1660' (P:1 D:1)
[2019.08.30-04.54.34:208][  0]LogWindows:    2. 'NVIDIA GeForce GTX 1660' (P:0 D:0)
[2019.08.30-04.54.34:208][  0]LogWindows:    3. 'NVIDIA GeForce GTX 1660' (P:0 D:0)
[2019.08.30-04.54.34:208][  0]LogWindows: DebugString: FoundDriverCount:4 
[2019.08.30-04.54.34:208][  0]LogD3D11RHI:     Adapter Name: NVIDIA GeForce GTX 1660
[2019.08.30-04.54.34:208][  0]LogD3D11RHI:   Driver Version: 436.15 (internal:26.21.14.3615, unified:436.15)
[2019.08.30-04.54.34:208][  0]LogD3D11RHI:      Driver Date: 8-24-2019
[2019.08.30-04.54.34:208][  0]LogRHI: Texture pool is 4193 MB (70% of 5991 MB)
[2019.08.30-04.54.34:257][  0]LogD3D11RHI: Async texture creation enabled
[2019.08.30-04.54.34:270][  0]LogRendererCore: FGlobalReadBuffer::InitRHI
[2019.08.30-04.54.34:270][  0]LogRendererCore: FGlobalReadBuffer::InitRHI
[2019.08.30-04.54.34:270][  0]LogRendererCore: FGlobalReadBuffer::InitRHI
[2019.08.30-04.54.34:279][  0]LogD3D11RHI: GPU Timing Frequency: 1000.000000 (Debug: 2 1)
[2019.08.30-04.54.34:629][  0]LogTemp: Display: Module 'AllDesktopTargetPlatform' loaded TargetPlatform 'AllDesktop'
[2019.08.30-04.54.34:640][  0]LogTemp: Display: Module 'MacClientTargetPlatform' loaded TargetPlatform 'MacClient'
[2019.08.30-04.54.34:652][  0]LogTemp: Display: Module 'MacNoEditorTargetPlatform' loaded TargetPlatform 'MacNoEditor'
[2019.08.30-04.54.34:664][  0]LogTemp: Display: Module 'MacServerTargetPlatform' loaded TargetPlatform 'MacServer'
[2019.08.30-04.54.34:676][  0]LogTemp: Display: Module 'MacTargetPlatform' loaded TargetPlatform 'Mac'
[2019.08.30-04.54.34:688][  0]LogTemp: Display: Module 'WindowsClientTargetPlatform' loaded TargetPlatform 'WindowsClient'
[2019.08.30-04.54.34:700][  0]LogTemp: Display: Module 'WindowsNoEditorTargetPlatform' loaded TargetPlatform 'WindowsNoEditor'
[2019.08.30-04.54.34:713][  0]LogTemp: Display: Module 'WindowsServerTargetPlatform' loaded TargetPlatform 'WindowsServer'
[2019.08.30-04.54.34:719][  0]LogTemp: Display: Module 'WindowsTargetPlatform' loaded TargetPlatform 'Windows'
[2019.08.30-04.54.34:793][  0]LogTemp: Display: Module 'AndroidTargetPlatform' loaded TargetPlatform 'Android'
[2019.08.30-04.54.34:793][  0]LogTemp: Display: Module 'AndroidTargetPlatform' loaded TargetPlatform 'Android_ASTC'
[2019.08.30-04.54.34:793][  0]LogTemp: Display: Module 'AndroidTargetPlatform' loaded TargetPlatform 'Android_ATC'
[2019.08.30-04.54.34:793][  0]LogTemp: Display: Module 'AndroidTargetPlatform' loaded TargetPlatform 'Android_DXT'
[2019.08.30-04.54.34:793][  0]LogTemp: Display: Module 'AndroidTargetPlatform' loaded TargetPlatform 'Android_ETC1'
[2019.08.30-04.54.34:793][  0]LogTemp: Display: Module 'AndroidTargetPlatform' loaded TargetPlatform 'Android_ETC1a'
[2019.08.30-04.54.34:793][  0]LogTemp: Display: Module 'AndroidTargetPlatform' loaded TargetPlatform 'Android_ETC2'
[2019.08.30-04.54.34:793][  0]LogTemp: Display: Module 'AndroidTargetPlatform' loaded TargetPlatform 'Android_PVRTC'
[2019.08.30-04.54.34:793][  0]LogTemp: Display: Module 'AndroidTargetPlatform' loaded TargetPlatform 'AndroidClient'
[2019.08.30-04.54.34:793][  0]LogTemp: Display: Module 'AndroidTargetPlatform' loaded TargetPlatform 'Android_ASTCClient'
[2019.08.30-04.54.34:793][  0]LogTemp: Display: Module 'AndroidTargetPlatform' loaded TargetPlatform 'Android_ATCClient'
[2019.08.30-04.54.34:793][  0]LogTemp: Display: Module 'AndroidTargetPlatform' loaded TargetPlatform 'Android_DXTClient'
[2019.08.30-04.54.34:793][  0]LogTemp: Display: Module 'AndroidTargetPlatform' loaded TargetPlatform 'Android_ETC1Client'
[2019.08.30-04.54.34:793][  0]LogTemp: Display: Module 'AndroidTargetPlatform' loaded TargetPlatform 'Android_ETC1aClient'
[2019.08.30-04.54.34:793][  0]LogTemp: Display: Module 'AndroidTargetPlatform' loaded TargetPlatform 'Android_ETC2Client'
[2019.08.30-04.54.34:793][  0]LogTemp: Display: Module 'AndroidTargetPlatform' loaded TargetPlatform 'Android_PVRTCClient'
[2019.08.30-04.54.34:793][  0]LogTemp: Display: Module 'AndroidTargetPlatform' loaded TargetPlatform 'Android_Multi'
[2019.08.30-04.54.34:793][  0]LogTemp: Display: Module 'AndroidTargetPlatform' loaded TargetPlatform 'Android_MultiClient'
[2019.08.30-04.54.34:795][  0]LogTemp: Display: Module 'HTML5TargetPlatform' loaded TargetPlatform 'HTML5'
[2019.08.30-04.54.34:840][  0]LogTemp: Display: Module 'IOSTargetPlatform' loaded TargetPlatform 'IOSClient'
[2019.08.30-04.54.34:840][  0]LogTemp: Display: Module 'IOSTargetPlatform' loaded TargetPlatform 'IOS'
[2019.08.30-04.54.34:863][  0]LogTemp: Display: Module 'TVOSTargetPlatform' loaded TargetPlatform 'TVOSClient'
[2019.08.30-04.54.34:863][  0]LogTemp: Display: Module 'TVOSTargetPlatform' loaded TargetPlatform 'TVOS'
[2019.08.30-04.54.34:875][  0]LogTemp: Display: Module 'LinuxClientTargetPlatform' loaded TargetPlatform 'LinuxClient'
[2019.08.30-04.54.34:886][  0]LogTemp: Display: Module 'LinuxNoEditorTargetPlatform' loaded TargetPlatform 'LinuxNoEditor'
[2019.08.30-04.54.34:897][  0]LogTemp: Display: Module 'LinuxServerTargetPlatform' loaded TargetPlatform 'LinuxServer'
[2019.08.30-04.54.34:910][  0]LogTemp: Display: Module 'LinuxTargetPlatform' loaded TargetPlatform 'Linux'
[2019.08.30-04.54.34:952][  0]LogTemp: Display: Module 'LuminTargetPlatform' loaded TargetPlatform 'Lumin'
[2019.08.30-04.54.34:952][  0]LogTemp: Display: Module 'LuminTargetPlatform' loaded TargetPlatform 'LuminClient'
[2019.08.30-04.54.34:952][  0]LogTargetPlatformManager: Display: Building Assets For Windows
[2019.08.30-04.54.34:958][  0]LogAudioDebug: Display: Lib vorbis DLL was dynamically loaded.
[2019.08.30-04.54.34:991][  0]LogShaderCompilers: Guid format shader working directory is 21 characters bigger than the processId version (G:/UE4Program/ACTGame/Intermediate/Shaders/WorkingDirectory/21236/).
[2019.08.30-04.54.34:991][  0]LogShaderCompilers: Cleaned the shader compiler working directory 'C:/Users/PC/AppData/Local/Temp/UnrealShaderWorkingDir/F04D41534DEA47E6408F2F8EB52AA930/'.
[2019.08.30-04.54.34:993][  0]LogXGEController: Cannot use XGE Controller as Incredibuild is not installed on this machine.
[2019.08.30-04.54.34:993][  0]LogShaderCompilers: Cannot use XGE Shader Compiler as Incredibuild is not installed on this machine.
[2019.08.30-04.54.34:993][  0]LogShaderCompilers: Display: Using Local Shader Compiler.
[2019.08.30-04.54.35:528][  0]LogDerivedDataCache: Display: Max Cache Size: 512 MB
[2019.08.30-04.54.35:580][  0]LogDerivedDataCache: Loaded boot cache 0.05s 71MB C:/Users/PC/AppData/Local/UnrealEngine/4.22/DerivedDataCache/Boot.ddc.
[2019.08.30-04.54.35:580][  0]LogDerivedDataCache: Display: Loaded Boot cache: C:/Users/PC/AppData/Local/UnrealEngine/4.22/DerivedDataCache/Boot.ddc
[2019.08.30-04.54.35:580][  0]LogDerivedDataCache: FDerivedDataBackendGraph:  Pak pak cache file G:/UE4Program/ACTGame/DerivedDataCache/DDC.ddp not found, will not use a pak cache.
[2019.08.30-04.54.35:580][  0]LogDerivedDataCache: Unable to find inner node Pak for hierarchical cache Hierarchy.
[2019.08.30-04.54.35:580][  0]LogDerivedDataCache: FDerivedDataBackendGraph:  CompressedPak pak cache file G:/UE4Program/ACTGame/DerivedDataCache/Compressed.ddp not found, will not use a pak cache.
[2019.08.30-04.54.35:580][  0]LogDerivedDataCache: Unable to find inner node CompressedPak for hierarchical cache Hierarchy.
[2019.08.30-04.54.35:592][  0]LogDerivedDataCache: Display: Pak cache opened for reading ../../../Engine/DerivedDataCache/Compressed.ddp.
[2019.08.30-04.54.35:592][  0]LogDerivedDataCache: FDerivedDataBackendGraph:  EnterprisePak pak cache file ../../../Enterprise/DerivedDataCache/Compressed.ddp not found, will not use a pak cache.
[2019.08.30-04.54.35:592][  0]LogDerivedDataCache: Unable to find inner node EnterprisePak for hierarchical cache Hierarchy.
[2019.08.30-04.54.35:605][  0]LogDerivedDataCache: Using Local data cache path C:/Users/PC/AppData/Local/UnrealEngine/Common/DerivedDataCache: Writable
[2019.08.30-04.54.35:605][  0]LogDerivedDataCache: Shared data cache path not found in *engine.ini, will not use an Shared cache.
[2019.08.30-04.54.35:605][  0]LogDerivedDataCache: Unable to find inner node Shared for hierarchical cache Hierarchy.
[2019.08.30-04.54.35:626][  0]LogMaterial: Verifying Global Shaders for PCD3D_SM5
[2019.08.30-04.54.35:627][  0]LogSlate: Using FreeType 2.6.0
[2019.08.30-04.54.35:627][  0]LogSlate: SlateFontServices - WITH_FREETYPE: 1, WITH_HARFBUZZ: 1
[2019.08.30-04.54.35:705][  0]LogAssetRegistry: FAssetRegistry took 0.0318 seconds to start up
[2019.08.30-04.54.36:009][  0]LogInit: Selected Device Profile: [Windows]
[2019.08.30-04.54.36:134][  0]LogMeshReduction: Using QuadricMeshReduction for automatic static mesh reduction
[2019.08.30-04.54.36:134][  0]LogMeshReduction: Using SimplygonMeshReduction for automatic skeletal mesh reduction
[2019.08.30-04.54.36:134][  0]LogMeshReduction: Using ProxyLODMeshReduction for automatic mesh merging
[2019.08.30-04.54.36:134][  0]LogMeshReduction: No distributed automatic mesh merging module available
[2019.08.30-04.54.36:134][  0]LogMeshMerging: No distributed automatic mesh merging module available
[2019.08.30-04.54.36:144][  0]LogNetVersion: ACTGame 1.0.0, NetCL: 5660361, EngineNetVer: 10, GameNetVer: 0 (Checksum: 237984818)
[2019.08.30-04.54.36:598][  0]LogPackageLocalizationCache: Processed 10 localized package path(s) for 1 prioritized culture(s) in 0.102174 seconds
[2019.08.30-04.54.36:606][  0]LogUObjectArray: 42205 objects as part of root set at end of initial load.
[2019.08.30-04.54.36:606][  0]LogUObjectAllocator: 7325032 out of 0 bytes used by permanent object pool.
[2019.08.30-04.54.36:606][  0]LogUObjectArray: CloseDisregardForGC: 0/0 objects in disregard for GC pool
[2019.08.30-04.54.37:395][  0]LogTcpMessaging: Initializing TcpMessaging bridge
[2019.08.30-04.54.37:408][  0]LogUdpMessaging: Initializing bridge on interface 0.0.0.0:0 to multicast group 230.0.0.1:6666.
[2019.08.30-04.54.37:507][  0]SourceControl: Source control is disabled
[2019.08.30-04.54.37:508][  0]SourceControl: Source control is disabled
[2019.08.30-04.54.37:509][  0]SourceControl: Source control is disabled
[2019.08.30-04.54.37:510][  0]SourceControl: Source control is disabled
[2019.08.30-04.54.37:517][  0]LogVSAccessor: Display: Unable to create Visual Studio setup instance: 80040154
[2019.08.30-04.54.37:518][  0]LogVSAccessor: Display: Unable to create Visual Studio setup instance: 80040154
[2019.08.30-04.54.37:575][  0]LogAndroidPermission: UAndroidPermissionCallbackProxy::GetInstance
[2019.08.30-04.54.37:683][  0]LogOcInput: OculusInput pre-init called
[2019.08.30-04.54.38:291][  0]LogEngine: Initializing Engine...
[2019.08.30-04.54.38:292][  0]LogHMD: Failed to initialize OpenVR with code 110
[2019.08.30-04.54.38:293][  0]LogStats: UGameplayTagsManager::InitializeManager -  0.000 s
[2019.08.30-04.54.38:517][  0]LogInit: Initializing FReadOnlyCVARCache
[2019.08.30-04.54.38:528][  0]LogAIModule: Creating AISystem for world Untitled
[2019.08.30-04.54.38:619][  0]LogInit: XAudio2 using '扬声器 (Realtek High Definition Audio)' : 2 channels at 48 kHz using 32 bits per sample (channel mask 0x3)
[2019.08.30-04.54.38:663][  0]LogInit: FAudioDevice initialized.
[2019.08.30-04.54.38:663][  0]LogNetVersion: Set ProjectVersion to 1.0.0.0. Version Checksum will be recalculated on next use.
[2019.08.30-04.54.38:746][  0]LogDerivedDataCache: Saved boot cache 0.08s 71MB C:/Users/PC/AppData/Local/UnrealEngine/4.22/DerivedDataCache/Boot.ddc.
[2019.08.30-04.54.38:751][  0]LogInit: Texture streaming: Enabled
[2019.08.30-04.54.38:764][  0]LogEngineSessionManager: EngineSessionManager initialized
[2019.08.30-04.54.38:972][  0]LogInit: Transaction tracking system initialized
[2019.08.30-04.54.38:987][  0]BlueprintLog: New page: Editor Load
[2019.08.30-04.54.39:043][  0]LocalizationService: Localization service is disabled
[2019.08.30-04.54.39:159][  0]LogVSAccessor: Display: Unable to create Visual Studio setup instance: 80040154
[2019.08.30-04.54.39:159][  0]LogVSAccessor: Display: Unable to create Visual Studio setup instance: 80040154
[2019.08.30-04.54.39:560][  0]LogCook: Display: Max memory allowance for cook 16384mb min free memory 0mb
[2019.08.30-04.54.39:560][  0]LogCook: Display: Mobile HDR setting 1
[2019.08.30-04.54.39:765][  0]SourceControl: Source control is disabled
[2019.08.30-04.54.39:766][  0]Cmd: MAP LOAD FILE="G:/UE4Program/ACTGame/Content/Main.umap" TEMPLATE=0 SHOWPROGRESS=1 FEATURELEVEL=3
[2019.08.30-04.54.39:766][  0]LightingResults: New page: Lighting Build
[2019.08.30-04.54.39:767][  0]MapCheck: New page: Map Check
[2019.08.30-04.54.39:767][  0]LightingResults: New page: Lighting Build
[2019.08.30-04.54.39:863][  0]LogUObjectHash: Compacting FUObjectHashTables data took   1.41ms
[2019.08.30-04.54.40:843][  0]LogFileCache: Scanning file cache for directory 'G:/UE4Program/ACTGame/Content/' took 1.29s
[2019.08.30-04.55.02:717][  0]LogAIModule: Creating AISystem for world Main
[2019.08.30-04.55.02:894][  0]LogScript: Warning: Script Msg: Divide by zero detected: 0.000000 / 0
Script call stack:
	Function /Game/ParagonPhase/Characters/Heroes/Phase/Phase_AnimBlueprint.Phase_AnimBlueprint_C:BlueprintUpdateAnimation
	Function /Game/ParagonPhase/Characters/Heroes/Phase/Phase_AnimBlueprint.Phase_AnimBlueprint_C:ExecuteUbergraph_Phase_AnimBlueprint

[2019.08.30-04.55.02:973][  0]LogEditorServer: Finished looking for orphan Actors (0.000 secs)
[2019.08.30-04.55.03:000][  0]LogUObjectHash: Compacting FUObjectHashTables data took   2.04ms
[2019.08.30-04.55.03:000][  0]Cmd: MAP CHECKDEP NOCLEARLOG
[2019.08.30-04.55.03:000][  0]MapCheck: Map check complete: 0 Error(s), 0 Warning(s), took 0.095ms to complete.
[2019.08.30-04.55.03:000][  0]LogFileHelpers: Loading map 'Main' took 23.235
[2019.08.30-04.55.03:629][  0]LogSlate: Updating window title bar state: overlay mode, drag disabled, window buttons hidden, title bar hidden
[2019.08.30-04.55.03:644][  0]LogSlate: Updating window title bar state: overlay mode, drag disabled, window buttons hidden, title bar hidden
[2019.08.30-04.55.03:655][  0]LogSlate: Updating window title bar state: overlay mode, drag disabled, window buttons hidden, title bar hidden
[2019.08.30-04.55.03:663][  0]LogSlate: Updating window title bar state: overlay mode, drag disabled, window buttons hidden, title bar hidden
[2019.08.30-04.55.03:715][  0]LogCollectionManager: Loaded 0 collections in 0.000974 seconds
[2019.08.30-04.55.03:930][  0]LogFileCache: Scanning file cache for directory 'G:/UE4Program/ACTGame/Saved/Collections/' took 0.01s
[2019.08.30-04.55.03:930][  0]LogFileCache: Scanning file cache for directory 'G:/UE4Program/ACTGame/Content/Developers/PC/Collections/' took 0.01s
[2019.08.30-04.55.03:930][  0]LogFileCache: Scanning file cache for directory 'G:/UE4Program/ACTGame/Content/Collections/' took 0.01s
[2019.08.30-04.55.03:930][  0]LogCollectionManager: Rebuilt the GUID cache for 0 collections in 0.000000 seconds
[2019.08.30-04.55.03:942][  0]LogContentBrowser: Native class hierarchy populated in 0.0097 seconds. Added 2732 classes and 659 folders.
[2019.08.30-04.55.04:032][  0]LogContentBrowser: Native class hierarchy updated for 'WidgetCarousel' in 0.0003 seconds. Added 0 classes and 0 folders.
[2019.08.30-04.55.04:129][  0]LogPakFile: Registered encryption key '00000000000000000000000000000000': 0 pak files mounted, 0 remain pending
[2019.08.30-04.55.04:174][  0]LogPakFile: Registered encryption key '00000000000000000000000000000000': 0 pak files mounted, 0 remain pending
[2019.08.30-04.55.04:179][  0]LogPakFile: Registered encryption key '00000000000000000000000000000000': 0 pak files mounted, 0 remain pending
[2019.08.30-04.55.04:196][  0]LogPakFile: Registered encryption key '00000000000000000000000000000000': 0 pak files mounted, 0 remain pending
[2019.08.30-04.55.04:207][  0]LogPakFile: Registered encryption key '00000000000000000000000000000000': 0 pak files mounted, 0 remain pending
[2019.08.30-04.55.04:213][  0]LogPakFile: Registered encryption key '00000000000000000000000000000000': 0 pak files mounted, 0 remain pending
[2019.08.30-04.55.04:220][  0]LogPakFile: Registered encryption key '00000000000000000000000000000000': 0 pak files mounted, 0 remain pending
[2019.08.30-04.55.04:241][  0]LogPakFile: Registered encryption key '00000000000000000000000000000000': 0 pak files mounted, 0 remain pending
[2019.08.30-04.55.04:245][  0]LogPakFile: Registered encryption key '00000000000000000000000000000000': 0 pak files mounted, 0 remain pending
[2019.08.30-04.55.04:259][  0]LogPakFile: Registered encryption key '00000000000000000000000000000000': 0 pak files mounted, 0 remain pending
[2019.08.30-04.55.04:277][  0]LogPakFile: Registered encryption key '00000000000000000000000000000000': 0 pak files mounted, 0 remain pending
[2019.08.30-04.55.04:287][  0]LogPakFile: Registered encryption key '00000000000000000000000000000000': 0 pak files mounted, 0 remain pending
[2019.08.30-04.55.04:304][  0]LogPakFile: Registered encryption key '00000000000000000000000000000000': 0 pak files mounted, 0 remain pending
[2019.08.30-04.55.04:315][  0]LogPakFile: Registered encryption key '00000000000000000000000000000000': 0 pak files mounted, 0 remain pending
[2019.08.30-04.55.04:328][  0]LogPakFile: Registered encryption key '00000000000000000000000000000000': 0 pak files mounted, 0 remain pending
[2019.08.30-04.55.04:412][  0]LogPakFile: Registered encryption key '00000000000000000000000000000000': 0 pak files mounted, 0 remain pending
[2019.08.30-04.55.04:445][  0]LogPakFile: Registered encryption key '00000000000000000000000000000000': 0 pak files mounted, 0 remain pending
[2019.08.30-04.55.04:456][  0]LogPakFile: Registered encryption key '00000000000000000000000000000000': 0 pak files mounted, 0 remain pending
[2019.08.30-04.55.04:466][  0]LogPakFile: Registered encryption key '00000000000000000000000000000000': 0 pak files mounted, 0 remain pending
[2019.08.30-04.55.04:477][  0]LogPakFile: Registered encryption key '00000000000000000000000000000000': 0 pak files mounted, 0 remain pending
[2019.08.30-04.55.04:490][  0]LogPakFile: Registered encryption key '00000000000000000000000000000000': 0 pak files mounted, 0 remain pending
[2019.08.30-04.55.04:502][  0]LogPakFile: Registered encryption key '00000000000000000000000000000000': 0 pak files mounted, 0 remain pending
[2019.08.30-04.55.04:515][  0]LogPakFile: Registered encryption key '00000000000000000000000000000000': 0 pak files mounted, 0 remain pending
[2019.08.30-04.55.04:532][  0]LogPakFile: Registered encryption key '00000000000000000000000000000000': 0 pak files mounted, 0 remain pending
[2019.08.30-04.55.04:546][  0]LogPakFile: Registered encryption key '00000000000000000000000000000000': 0 pak files mounted, 0 remain pending
[2019.08.30-04.55.04:567][  0]LogPakFile: Registered encryption key '00000000000000000000000000000000': 0 pak files mounted, 0 remain pending
[2019.08.30-04.55.05:230][  0]LogContentBrowser: Native class hierarchy updated for 'AddContentDialog' in 0.0002 seconds. Added 0 classes and 0 folders.
[2019.08.30-04.55.05:278][  0]LogContentBrowser: Native class hierarchy updated for 'SceneOutliner' in 0.0003 seconds. Added 1 classes and 2 folders.
[2019.08.30-04.55.05:680][  0]LogSlate: Took 0.000128 seconds to synchronously load lazily loaded font '../../../Engine/Content/Slate/Fonts/Roboto-Regular.ttf' (155K)
[2019.08.30-04.55.05:682][  0]LogSlate: Took 0.000111 seconds to synchronously load lazily loaded font '../../../Engine/Content/Slate/Fonts/Roboto-Bold.ttf' (160K)
[2019.08.30-04.55.05:731][  0]LogSlate: Took 0.004794 seconds to synchronously load lazily loaded font '../../../Engine/Content/Editor/Slate/Fonts/FontAwesome.ttf' (139K)
[2019.08.30-04.55.06:107][  0]LogRenderer: Reallocating scene render targets to support 1208x572 Format 10 NumSamples 1 (Frame:1).
[2019.08.30-04.55.06:527][  0]LogSlate: Took 0.003699 seconds to synchronously load lazily loaded font '../../../Engine/Content/Slate/Fonts/Roboto-Light.ttf' (167K)
[2019.08.30-04.55.06:808][  0]LogContentBrowser: Native class hierarchy updated for 'HierarchicalLODOutliner' in 0.0002 seconds. Added 0 classes and 0 folders.
[2019.08.30-04.55.06:808][  0]LogLoad: (Engine Initialization) Total time: 35.57 seconds
[2019.08.30-04.55.06:808][  0]LogLoad: (Engine Initialization) Total Blueprint compile time: 0.00 seconds
[2019.08.30-04.55.07:054][  0]LogContentStreaming: Texture pool size now 1000 MB
[2019.08.30-04.55.07:738][  2]LogScript: Warning: Script Msg: Divide by zero detected: 0.000000 / 0
Script call stack:
	Function /Game/ParagonPhase/Characters/Heroes/Phase/Phase_AnimBlueprint.Phase_AnimBlueprint_C:BlueprintUpdateAnimation
	Function /Game/ParagonPhase/Characters/Heroes/Phase/Phase_AnimBlueprint.Phase_AnimBlueprint_C:ExecuteUbergraph_Phase_AnimBlueprint

[2019.08.30-04.55.07:752][  2]LogAssetRegistry: Asset discovery search completed in 32.0692 seconds
[2019.08.30-04.55.07:754][  2]LogCollectionManager: Rebuilt the object cache for 0 collections in 0.000000 seconds (found 0 objects)
[2019.08.30-04.55.07:754][  2]LogCollectionManager: Fixed up redirectors for 0 collections in 0.000059 seconds (updated 0 objects)
[2019.08.30-04.55.29:287][ 67]LogSlate: FSceneViewport::OnFocusLost() reason 0
[2019.08.30-04.55.29:462][ 77]LogUObjectHash: Compacting FUObjectHashTables data took   0.59ms
[2019.08.30-04.55.34:641][585]LogSlate: Took 0.000120 seconds to synchronously load lazily loaded font '../../../Engine/Content/Slate/Fonts/Roboto-Light.ttf' (167K)
[2019.08.30-04.55.34:666][585]LogAssetEditorManager: Opening Asset editor for Blueprint /Game/Player/BP_Player.BP_Player
[2019.08.30-04.55.35:239][585]LogClass: Warning: Enum '/Game/AdvancedMagicFX12/DemoRoomData/Blueprints/BP_DemoDisplay_Enum.BP_DemoDisplay_Enum' was upgraded to use FText to store its display name data. Please re-save this asset to avoid issues with localization and determinstic cooking.
[2019.08.30-04.55.35:430][585]LogContentBrowser: Native class hierarchy updated for 'BlueprintGraph' in 0.0005 seconds. Added 121 classes and 0 folders.
[2019.08.30-04.55.37:183][585]LogSlate: Took 0.005511 seconds to synchronously load lazily loaded font '../../../Engine/Content/Slate/Fonts/Roboto-BoldCondensed.ttf' (158K)
[2019.08.30-04.55.37:887][586]LogSlate: Took 0.035115 seconds to synchronously load lazily loaded font '../../../Engine/Content/Slate/Fonts/DroidSansFallback.ttf' (3848K)
[2019.08.30-04.55.37:899][586]LogSlate: Took 0.009201 seconds to synchronously load lazily loaded font '../../../Engine/Content/Slate/Fonts/Roboto-Italic.ttf' (157K)
[2019.08.30-04.58.07:500][790]LogHttp: Warning: 00000248348BF240: request failed, libcurl error: 56 (Failure when receiving data from the peer)
[2019.08.30-04.58.07:500][790]LogHttp: Warning: 00000248348BF240: libcurl info message cache 0 (Found bundle for host datarouter.ol.epicgames.com: 0x247aa3dbf70 [can pipeline])
[2019.08.30-04.58.07:500][790]LogHttp: Warning: 00000248348BF240: libcurl info message cache 1 (Re-using existing connection! (#0) with host datarouter.ol.epicgames.com)
[2019.08.30-04.58.07:500][790]LogHttp: Warning: 00000248348BF240: libcurl info message cache 2 (Connected to datarouter.ol.epicgames.com (3.94.140.213) port 443 (#0))
[2019.08.30-04.58.07:500][790]LogHttp: Warning: 00000248348BF240: libcurl info message cache 3 (We are completely uploaded and fine)
[2019.08.30-04.58.07:500][790]LogHttp: Warning: 00000248348BF240: libcurl info message cache 4 (OpenSSL SSL_read: SSL_ERROR_SYSCALL, errno 10054)
[2019.08.30-04.58.07:500][790]LogHttp: Warning: 00000248348BF240: libcurl info message cache 5 (Connection died, retrying a fresh connect)
[2019.08.30-04.58.07:500][790]LogHttp: Warning: 00000248348BF240: libcurl info message cache 6 (necessary data rewind wasn't possible)
[2019.08.30-04.58.07:500][790]LogHttp: Warning: 00000248348BF240: libcurl info message cache 7 (Closing connection 0)
[2019.08.30-04.58.07:500][790]LogHttp: Warning: Retry exhausted on https://datarouter.ol.epicgames.com/datarouter/api/v1/public/data?SessionID=%7BD996656E-4233-5123-3108-0D84CDB77042%7D&AppID=UEEditor.Rocket.Release&AppVersion=4.22.3-7053642%2B%2B%2BUE4%2BRelease-4.22&UserID=b49382d34bbfa76601f290be459acaec%7C2d49d6f32d7b494fb6d05dbcfa35a539%7Cc3b3579e-2433-4bbd-9b7c-c194054f0e80&AppEnvironment=datacollector-binary&UploadType=eteventstream
[2019.08.30-04.58.10:101][ 75]BlueprintLog: New page: Compile BP_Player
[2019.08.30-04.58.10:793][ 75]LogUObjectHash: Compacting FUObjectHashTables data took   2.95ms
[2019.08.30-04.58.12:538][212]Cmd: OBJ SAVEPACKAGE PACKAGE="/Game/Player/BP_Player" FILE="G:/UE4Program/ACTGame/Content/Player/BP_Player.uasset" SILENT=true
[2019.08.30-04.58.12:924][212]LogSavePackage: Moving 'G:/UE4Program/ACTGame/Saved/BP_PlayerEE0511E841A02EE03D93BBA8C15B6BCC.tmp' to 'G:/UE4Program/ACTGame/Content/Player/BP_Player.uasset'
[2019.08.30-04.59.20:117][551]LogAssetEditorManager: Opening Asset editor for AnimMontage /Game/Player/Anim/Blade/ATK1_Blade.ATK1_Blade
[2019.08.30-04.59.20:175][551]LogBlueprintActionDatabase: Requesting refresh due to module change: AnimationEditor (loaded)
[2019.08.30-04.59.20:321][551]LogBlueprintActionDatabase: Requesting refresh due to module change: SkeletonEditor (loaded)
[2019.08.30-04.59.20:321][551]LogContentBrowser: Native class hierarchy updated for 'SkeletonEditor' in 0.0002 seconds. Added 1 classes and 2 folders.
[2019.08.30-04.59.20:882][551]LogActorComponent: RegisterComponentWithWorld: (/Engine/Transient.World_7:PersistentLevel.AnimationEditorPreviewActor_0.DebugSkelMeshComponent_0) Already registered. Aborting.
[2019.08.30-04.59.20:953][551]LogBlueprintActionDatabase: Requesting refresh due to module change: PinnedCommandList (loaded)
[2019.08.30-04.59.20:953][551]LogContentBrowser: Native class hierarchy updated for 'PinnedCommandList' in 0.0003 seconds. Added 1 classes and 0 folders.
[2019.08.30-04.59.21:365][551]LogSkeletalMesh: USkeletalMeshComponent::InitArticulated : Bodies already created (/Engine/Transient.World_7:PersistentLevel.AnimationEditorPreviewActor_0.DebugSkelMeshComponent_0) - call TermArticulated first.
[2019.08.30-04.59.22:533][551]LogBlueprintActionDatabase: Requesting refresh due to module change: ClothingSystemEditorInterface (loaded)
[2019.08.30-04.59.22:534][551]LogContentBrowser: Native class hierarchy updated for 'ClothingSystemEditorInterface' in 0.0004 seconds. Added 1 classes and 0 folders.
[2019.08.30-04.59.22:590][551]LogContentBrowser: Verbose: The majority of assets in the view are of type: AnimSequence
[2019.08.30-04.59.25:320][758]LogSlate: Window 'ATK1_Blade' being destroyed
[2019.08.30-05.00.14:007][399]LogSlate: FSceneViewport::OnFocusLost() reason 0
[2019.08.30-05.01.20:247][552]LogSlate: FSceneViewport::OnFocusLost() reason 0
[2019.08.30-05.02.33:939][123]LogSlate: FSceneViewport::OnFocusLost() reason 0
[2019.08.30-05.02.36:245][391]LogSlate: Prevented a slow task dialog from being summoned while a context menu was open
[2019.08.30-05.03.59:959][260]LogSlate: FSceneViewport::OnFocusLost() reason 0
[2019.08.30-05.04.45:204][633]Cmd: OBJ SAVEPACKAGE PACKAGE="/Game/Player/Anim/Blade/ATK4_Blade" FILE="G:/UE4Program/ACTGame/Content/Player/Anim/Blade/ATK4_Blade.uasset" SILENT=true
[2019.08.30-05.04.45:221][633]LogSavePackage: Moving 'G:/UE4Program/ACTGame/Saved/ATK4_Blade900B6F3244A650D330E91AB3730B4588.tmp' to 'G:/UE4Program/ACTGame/Content/Player/Anim/Blade/ATK4_Blade.uasset'
[2019.08.30-05.04.57:316][ 19]LogAssetEditorManager: Opening Asset editor for AnimBlueprint /Game/Player/Anim/Player_AnimBP.Player_AnimBP
[2019.08.30-05.04.57:354][ 19]LogActorComponent: RegisterComponentWithWorld: (/Engine/Transient.World_14:PersistentLevel.AnimationEditorPreviewActor_0.DebugSkelMeshComponent_0) Already registered. Aborting.
[2019.08.30-05.04.57:699][ 19]LogSkeletalMesh: USkeletalMeshComponent::InitArticulated : Bodies already created (/Engine/Transient.World_14:PersistentLevel.AnimationEditorPreviewActor_0.DebugSkelMeshComponent_0) - call TermArticulated first.
[2019.08.30-05.07.11:436][211]LogUObjectHash: Compacting FUObjectHashTables data took   6.88ms
[2019.08.30-05.07.11:436][211]LogFileHelpers: Editor autosave (incl. sublevels) for '/Game/Main' took 0.107
[2019.08.30-05.07.11:557][211]OBJ SavePackage: Generating thumbnails for [1] asset(s) in package [/Game/Player/Anim/Player_AnimBP] ([1] browsable assets)...
[2019.08.30-05.07.11:580][211]OBJ SavePackage:     Rendered thumbnail for [AnimBlueprint /Game/Player/Anim/Player_AnimBP.Player_AnimBP]
[2019.08.30-05.07.11:580][211]OBJ SavePackage: Finished generating thumbnails for package [/Game/Player/Anim/Player_AnimBP]
[2019.08.30-05.07.11:580][211]Cmd: OBJ SAVEPACKAGE PACKAGE="/Game/Player/Anim/Player_AnimBP" FILE="G:/UE4Program/ACTGame/Saved/Autosaves/Game/Player/Anim/Player_AnimBP_Auto1.uasset" SILENT=false AUTOSAVING=true
[2019.08.30-05.07.11:658][211]LogSavePackage: Moving 'G:/UE4Program/ACTGame/Saved/Player_AnimBP_Auto1A9EE6305467C1531D400C7BA9BA195AA.tmp' to 'G:/UE4Program/ACTGame/Saved/Autosaves/Game/Player/Anim/Player_AnimBP_Auto1.uasset'
[2019.08.30-05.07.11:674][211]OBJ SavePackage: Generating thumbnails for [0] asset(s) in package [/Game/ParagonRevenant/Characters/Heroes/Revenant/Meshes/Revenant_Skeleton] ([1] browsable assets)...
[2019.08.30-05.07.11:674][211]OBJ SavePackage: Finished generating thumbnails for package [/Game/ParagonRevenant/Characters/Heroes/Revenant/Meshes/Revenant_Skeleton]
[2019.08.30-05.07.11:690][211]LogSavePackage: Moving 'G:/UE4Program/ACTGame/Saved/Revenant_Skeleton_Auto1CAA10C644ADF3CE522C7ADA87BCA9363.tmp' to 'G:/UE4Program/ACTGame/Saved/Autosaves/Game/ParagonRevenant/Characters/Heroes/Revenant/Meshes/Revenant_Skeleton_Auto1.uasset'
[2019.08.30-05.07.11:703][211]OBJ SavePackage: Generating thumbnails for [1] asset(s) in package [/Game/ParagonRevenant/Characters/Heroes/Revenant/Meshes/Revenant] ([1] browsable assets)...
[2019.08.30-05.07.11:726][211]OBJ SavePackage:     Rendered thumbnail for [SkeletalMesh /Game/ParagonRevenant/Characters/Heroes/Revenant/Meshes/Revenant.Revenant]
[2019.08.30-05.07.11:726][211]OBJ SavePackage: Finished generating thumbnails for package [/Game/ParagonRevenant/Characters/Heroes/Revenant/Meshes/Revenant]
[2019.08.30-05.07.12:339][211]LogSavePackage: Moving 'G:/UE4Program/ACTGame/Saved/Revenant_Auto14D28960249E16C2F4F1E1E8C6F5987CD.tmp' to 'G:/UE4Program/ACTGame/Saved/Autosaves/Game/ParagonRevenant/Characters/Heroes/Revenant/Meshes/Revenant_Auto1.uasset'
[2019.08.30-05.07.12:342][211]OBJ SavePackage: Generating thumbnails for [1] asset(s) in package [/Game/Player/Anim/Blade/ATK1_Blade] ([1] browsable assets)...
[2019.08.30-05.07.12:367][211]OBJ SavePackage:     Rendered thumbnail for [AnimMontage /Game/Player/Anim/Blade/ATK1_Blade.ATK1_Blade]
[2019.08.30-05.07.12:367][211]OBJ SavePackage: Finished generating thumbnails for package [/Game/Player/Anim/Blade/ATK1_Blade]
[2019.08.30-05.07.12:367][211]Cmd: OBJ SAVEPACKAGE PACKAGE="/Game/Player/Anim/Blade/ATK1_Blade" FILE="G:/UE4Program/ACTGame/Saved/Autosaves/Game/Player/Anim/Blade/ATK1_Blade_Auto1.uasset" SILENT=false AUTOSAVING=true
[2019.08.30-05.07.12:385][211]LogSavePackage: Moving 'G:/UE4Program/ACTGame/Saved/ATK1_Blade_Auto1FD30EAD54D7A3A84E0416E8E5F8CA839.tmp' to 'G:/UE4Program/ACTGame/Saved/Autosaves/Game/Player/Anim/Blade/ATK1_Blade_Auto1.uasset'
[2019.08.30-05.07.12:388][211]OBJ SavePackage: Generating thumbnails for [1] asset(s) in package [/Game/Player/Anim/Blade/ATK2_Blade] ([1] browsable assets)...
[2019.08.30-05.07.12:414][211]OBJ SavePackage:     Rendered thumbnail for [AnimMontage /Game/Player/Anim/Blade/ATK2_Blade.ATK2_Blade]
[2019.08.30-05.07.12:414][211]OBJ SavePackage: Finished generating thumbnails for package [/Game/Player/Anim/Blade/ATK2_Blade]
[2019.08.30-05.07.12:414][211]Cmd: OBJ SAVEPACKAGE PACKAGE="/Game/Player/Anim/Blade/ATK2_Blade" FILE="G:/UE4Program/ACTGame/Saved/Autosaves/Game/Player/Anim/Blade/ATK2_Blade_Auto1.uasset" SILENT=false AUTOSAVING=true
[2019.08.30-05.07.12:453][211]LogSavePackage: Moving 'G:/UE4Program/ACTGame/Saved/ATK2_Blade_Auto1D67B9F0F44C9ED2D11DCB4BD91A33C45.tmp' to 'G:/UE4Program/ACTGame/Saved/Autosaves/Game/Player/Anim/Blade/ATK2_Blade_Auto1.uasset'
[2019.08.30-05.07.12:453][211]OBJ SavePackage: Generating thumbnails for [1] asset(s) in package [/Game/Player/Anim/Blade/ATK3_Blade] ([1] browsable assets)...
[2019.08.30-05.07.12:478][211]OBJ SavePackage:     Rendered thumbnail for [AnimMontage /Game/Player/Anim/Blade/ATK3_Blade.ATK3_Blade]
[2019.08.30-05.07.12:478][211]OBJ SavePackage: Finished generating thumbnails for package [/Game/Player/Anim/Blade/ATK3_Blade]
[2019.08.30-05.07.12:478][211]Cmd: OBJ SAVEPACKAGE PACKAGE="/Game/Player/Anim/Blade/ATK3_Blade" FILE="G:/UE4Program/ACTGame/Saved/Autosaves/Game/Player/Anim/Blade/ATK3_Blade_Auto1.uasset" SILENT=false AUTOSAVING=true
[2019.08.30-05.07.12:497][211]LogSavePackage: Moving 'G:/UE4Program/ACTGame/Saved/ATK3_Blade_Auto1083DFB804E9FD2089EF13F8F8A66B657.tmp' to 'G:/UE4Program/ACTGame/Saved/Autosaves/Game/Player/Anim/Blade/ATK3_Blade_Auto1.uasset'
[2019.08.30-05.07.12:498][211]LogFileHelpers: Auto-saving content packages took 1.061
[2019.08.30-05.07.38:755][547]BlueprintLog: New page: Compile Player_AnimBP
[2019.08.30-05.07.39:024][547]LogUObjectHash: Compacting FUObjectHashTables data took   3.94ms
[2019.08.30-05.08.42:074][220]LogAssetEditorManager: Opening Asset editor for AnimMontage /Game/Player/Anim/Blade/Special/SATK1_Blade.SATK1_Blade
[2019.08.30-05.08.53:313][544]LogSlate: Prevented a slow task dialog from being summoned while a context menu was open
[2019.08.30-05.13.29:872][142]Cmd: TRANSACTION UNDO
[2019.08.30-05.13.29:872][142]LogEditorTransaction: Undo Drag State Node Marker
[2019.08.30-05.13.30:046][142]LogActorComponent: RegisterComponentWithWorld: (/Engine/Transient.World_7:PersistentLevel.AnimationEditorPreviewActor_0.DebugSkelMeshComponent_0) Already registered. Aborting.
[2019.08.30-05.13.30:050][142]LogActorComponent: RegisterComponentWithWorld: (/Engine/Transient.World_14:PersistentLevel.AnimationEditorPreviewActor_0.DebugSkelMeshComponent_0) Already registered. Aborting.
[2019.08.30-05.14.07:081][483]LogHttp: Warning: 0000024781F0B100: request failed, libcurl error: 56 (Failure when receiving data from the peer)
[2019.08.30-05.14.07:082][483]LogHttp: Warning: 0000024781F0B100: libcurl info message cache 0 (Found bundle for host datarouter.ol.epicgames.com: 0x247aa3dbf70 [can pipeline])
[2019.08.30-05.14.07:082][483]LogHttp: Warning: 0000024781F0B100: libcurl info message cache 1 (Re-using existing connection! (#5) with host datarouter.ol.epicgames.com)
[2019.08.30-05.14.07:082][483]LogHttp: Warning: 0000024781F0B100: libcurl info message cache 2 (Connected to datarouter.ol.epicgames.com (34.194.131.148) port 443 (#5))
[2019.08.30-05.14.07:082][483]LogHttp: Warning: 0000024781F0B100: libcurl info message cache 3 (We are completely uploaded and fine)
[2019.08.30-05.14.07:082][483]LogHttp: Warning: 0000024781F0B100: libcurl info message cache 4 (OpenSSL SSL_read: SSL_ERROR_SYSCALL, errno 10054)
[2019.08.30-05.14.07:082][483]LogHttp: Warning: 0000024781F0B100: libcurl info message cache 5 (Connection died, retrying a fresh connect)
[2019.08.30-05.14.07:082][483]LogHttp: Warning: 0000024781F0B100: libcurl info message cache 6 (necessary data rewind wasn't possible)
[2019.08.30-05.14.07:082][483]LogHttp: Warning: 0000024781F0B100: libcurl info message cache 7 (Closing connection 5)
[2019.08.30-05.14.07:090][484]LogHttp: Warning: Retry exhausted on https://datarouter.ol.epicgames.com/datarouter/api/v1/public/data?SessionID=%7BD996656E-4233-5123-3108-0D84CDB77042%7D&AppID=UEEditor.Rocket.Release&AppVersion=4.22.3-7053642%2B%2B%2BUE4%2BRelease-4.22&UserID=b49382d34bbfa76601f290be459acaec%7C2d49d6f32d7b494fb6d05dbcfa35a539%7Cc3b3579e-2433-4bbd-9b7c-c194054f0e80&AppEnvironment=datacollector-binary&UploadType=eteventstream
[2019.08.30-05.15.26:126][700]Cmd: OBJ SAVEPACKAGE PACKAGE="/Game/Player/Anim/Blade/Special/SATK4_Blade" FILE="G:/UE4Program/ACTGame/Content/Player/Anim/Blade/Special/SATK4_Blade.uasset" SILENT=true
[2019.08.30-05.15.26:360][700]LogSavePackage: Moving 'G:/UE4Program/ACTGame/Saved/SATK4_BladeC3EB9563440AE3F50CAD21AB72C84763.tmp' to 'G:/UE4Program/ACTGame/Content/Player/Anim/Blade/Special/SATK4_Blade.uasset'
[2019.08.30-05.15.27:864][844]LogUObjectHash: Compacting FUObjectHashTables data took   4.11ms
[2019.08.30-05.15.29:180][844]LogSlate: Window 'Save Content' being destroyed
[2019.08.30-05.15.29:731][844]LogSavePackage: Moving 'G:/UE4Program/ACTGame/Saved/RevenantC37433BA47FBB88A374D218F9A7FBCC2.tmp' to 'G:/UE4Program/ACTGame/Content/ParagonRevenant/Characters/Heroes/Revenant/Meshes/Revenant.uasset'
[2019.08.30-05.15.29:769][844]LogSavePackage: Moving 'G:/UE4Program/ACTGame/Saved/Revenant_SkeletonF928C9D442FAF7485F77A7851F71CF9F.tmp' to 'G:/UE4Program/ACTGame/Content/ParagonRevenant/Characters/Heroes/Revenant/Meshes/Revenant_Skeleton.uasset'
[2019.08.30-05.15.29:776][844]Cmd: OBJ SAVEPACKAGE PACKAGE="/Game/Player/Anim/Blade/ATK1_Blade" FILE="G:/UE4Program/ACTGame/Content/Player/Anim/Blade/ATK1_Blade.uasset" SILENT=true
[2019.08.30-05.15.29:785][844]LogSavePackage: Moving 'G:/UE4Program/ACTGame/Saved/ATK1_BladeA883D40E4935EFAFD079EABF03DB93B5.tmp' to 'G:/UE4Program/ACTGame/Content/Player/Anim/Blade/ATK1_Blade.uasset'
[2019.08.30-05.15.29:791][844]Cmd: OBJ SAVEPACKAGE PACKAGE="/Game/Player/Anim/Blade/ATK2_Blade" FILE="G:/UE4Program/ACTGame/Content/Player/Anim/Blade/ATK2_Blade.uasset" SILENT=true
[2019.08.30-05.15.29:800][844]LogSavePackage: Moving 'G:/UE4Program/ACTGame/Saved/ATK2_Blade7B02EB664127396779EF808DC69FEF27.tmp' to 'G:/UE4Program/ACTGame/Content/Player/Anim/Blade/ATK2_Blade.uasset'
[2019.08.30-05.15.29:806][844]Cmd: OBJ SAVEPACKAGE PACKAGE="/Game/Player/Anim/Blade/ATK3_Blade" FILE="G:/UE4Program/ACTGame/Content/Player/Anim/Blade/ATK3_Blade.uasset" SILENT=true
[2019.08.30-05.15.29:815][844]LogSavePackage: Moving 'G:/UE4Program/ACTGame/Saved/ATK3_Blade1E448DA6451CECD4ADBB91A1B8D704F3.tmp' to 'G:/UE4Program/ACTGame/Content/Player/Anim/Blade/ATK3_Blade.uasset'
[2019.08.30-05.15.29:834][844]Cmd: OBJ SAVEPACKAGE PACKAGE="/Game/Player/Anim/Blade/Special/SATK1_Blade" FILE="G:/UE4Program/ACTGame/Content/Player/Anim/Blade/Special/SATK1_Blade.uasset" SILENT=true
[2019.08.30-05.15.29:851][844]LogSavePackage: Moving 'G:/UE4Program/ACTGame/Saved/SATK1_Blade488875A4405F0C83B953CDAC8B0BD619.tmp' to 'G:/UE4Program/ACTGame/Content/Player/Anim/Blade/Special/SATK1_Blade.uasset'
[2019.08.30-05.15.29:870][844]Cmd: OBJ SAVEPACKAGE PACKAGE="/Game/Player/Anim/Blade/Special/SATK2_Blade" FILE="G:/UE4Program/ACTGame/Content/Player/Anim/Blade/Special/SATK2_Blade.uasset" SILENT=true
[2019.08.30-05.15.29:887][844]LogSavePackage: Moving 'G:/UE4Program/ACTGame/Saved/SATK2_BladeD7A69ABF48F3E0B3B13226ACC27EE597.tmp' to 'G:/UE4Program/ACTGame/Content/Player/Anim/Blade/Special/SATK2_Blade.uasset'
[2019.08.30-05.15.29:906][844]Cmd: OBJ SAVEPACKAGE PACKAGE="/Game/Player/Anim/Blade/Special/SATK3_Blade" FILE="G:/UE4Program/ACTGame/Content/Player/Anim/Blade/Special/SATK3_Blade.uasset" SILENT=true
[2019.08.30-05.15.29:976][844]LogSavePackage: Moving 'G:/UE4Program/ACTGame/Saved/SATK3_Blade6838FC1641C4974283090C8F643C01AA.tmp' to 'G:/UE4Program/ACTGame/Content/Player/Anim/Blade/Special/SATK3_Blade.uasset'
[2019.08.30-05.15.29:994][844]Cmd: OBJ SAVEPACKAGE PACKAGE="/Game/Player/Anim/Player_AnimBP" FILE="G:/UE4Program/ACTGame/Content/Player/Anim/Player_AnimBP.uasset" SILENT=true
[2019.08.30-05.15.30:054][844]LogSavePackage: Moving 'G:/UE4Program/ACTGame/Saved/Player_AnimBPFBF950BB4933048B571B72B0EF7A2923.tmp' to 'G:/UE4Program/ACTGame/Content/Player/Anim/Player_AnimBP.uasset'
